<?xml version="1.0" encoding="UTF-8"?>
<!-- Generated by org.testng.reporters.JUnitReportReporter -->
<testsuite hostname="DESKTOP-8FEGH89" failures="0" tests="1" name="testNG.PassingParameters" time="0.015" errors="0" timestamp="2022-06-13T10:50:42 BST" skipped="0">
  <testcase classname="testNG.PassingParameters" name="print" time="0.015"/>
  <system-out/>
</testsuite> <!-- testNG.PassingParameters -->
