<?xml version="1.0" encoding="UTF-8"?>
<!-- Generated by org.testng.reporters.JUnitReportReporter -->
<testsuite hostname="DESKTOP-8FEGH89" failures="0" tests="3" name="testNG.Dependency" time="0.003" errors="0" timestamp="2022-06-07T21:12:55 BST" skipped="0">
  <testcase classname="testNG.Dependency" name="method1" time="0.001"/>
  <system-out/>
  <testcase classname="testNG.Dependency" name="method2" time="0.001"/>
  <system-out/>
  <testcase classname="testNG.Dependency" name="method3" time="0.001"/>
  <system-out/>
</testsuite> <!-- testNG.Dependency -->
