<?xml version="1.0" encoding="UTF-8"?>
<!-- Generated by org.testng.reporters.JUnitReportReporter -->
<testsuite hostname="DESKTOP-8FEGH89" failures="0" tests="2" name="testNG.Ordering" time="0.009" errors="0" timestamp="2022-06-13T19:29:41 BST" skipped="0">
  <testcase classname="testNG.Ordering" name="test" time="0.008"/>
  <system-out/>
  <testcase classname="testNG.Ordering" name="test2" time="0.001"/>
  <system-out/>
</testsuite> <!-- testNG.Ordering -->
