<?xml version="1.0" encoding="UTF-8"?>
<!-- Generated by org.testng.reporters.JUnitReportReporter -->
<testsuite hostname="DESKTOP-8FEGH89" failures="0" tests="2" name="testNG.Basic" time="0.008" errors="0" timestamp="2022-06-07T21:12:55 BST" skipped="0">
  <testcase classname="testNG.Basic" name="method2" time="0.001"/>
  <system-out/>
  <testcase classname="testNG.Basic" name="method1" time="0.007"/>
  <system-out/>
</testsuite> <!-- testNG.Basic -->
