<?xml version="1.0" encoding="UTF-8"?>
<!-- Generated by org.testng.reporters.JUnitReportReporter -->
<testsuite hostname="DESKTOP-8FEGH89" failures="0" tests="4" name="testNG.DataDrivenexample" time="17.786" errors="0" timestamp="2022-06-16T18:04:06 BST" skipped="0">
  <testcase classname="testNG.DataDrivenexample" name="login" time="4.140"/>
  <system-out/>
  <testcase classname="testNG.DataDrivenexample" name="login" time="5.735"/>
  <system-out/>
  <testcase classname="testNG.DataDrivenexample" name="login" time="3.844"/>
  <system-out/>
  <testcase classname="testNG.DataDrivenexample" name="login" time="4.067"/>
  <system-out/>
</testsuite> <!-- testNG.DataDrivenexample -->
