<?xml version="1.0" encoding="UTF-8"?>
<!-- Generated by org.testng.reporters.JUnitReportReporter -->
<testsuite hostname="DESKTOP-8FEGH89" failures="0" tests="5" name="testNG.Car" time="0.006" errors="0" timestamp="2022-06-07T21:12:55 BST" skipped="0">
  <testcase classname="testNG.Car" name="startthecar" time="0.001"/>
  <system-out/>
  <testcase classname="testNG.Car" name="putfirstgear" time="0.001"/>
  <system-out/>
  <testcase classname="testNG.Car" name="putsecondgear" time="0.002"/>
  <system-out/>
  <testcase classname="testNG.Car" name="putthirdgear" time="0.001"/>
  <system-out/>
  <testcase classname="testNG.Car" name="putfourthgear" time="0.001"/>
  <system-out/>
</testsuite> <!-- testNG.Car -->
