<?xml version="1.0" encoding="UTF-8"?>
<!-- Generated by org.testng.reporters.JUnitReportReporter -->
<testsuite hostname="DESKTOP-8FEGH89" failures="0" tests="2" name="testNG.Skipped" time="0.001" errors="0" timestamp="2022-06-07T21:12:55 BST" skipped="1">
  <testcase classname="testNG.Skipped" name="method1" time="0.001"/>
  <system-out/>
  <testcase classname="testNG.Skipped" name="method2">
    <skipped/>
  </testcase> <!-- method2 -->
  <system-out/>
</testsuite> <!-- testNG.Skipped -->
