<?xml version="1.0" encoding="UTF-8"?>
<!-- Generated by org.testng.reporters.JUnitReportReporter -->
<testsuite hostname="DESKTOP-8FEGH89" failures="0" tests="2" name="testNG.LaunchBrowsers" time="3.537" errors="0" timestamp="2022-06-13T10:04:54 BST" skipped="0">
  <testcase classname="testNG.LaunchBrowsers" name="bingo" time="3.033"/>
  <system-out/>
  <testcase classname="testNG.LaunchBrowsers" name="google" time="0.504"/>
  <system-out/>
</testsuite> <!-- testNG.LaunchBrowsers -->
