<?xml version="1.0" encoding="UTF-8"?>
<!-- Generated by org.testng.reporters.JUnitReportReporter -->
<testsuite hostname="DESKTOP-8FEGH89" failures="0" tests="2" name="testNG.Parallel" time="6.387" errors="0" timestamp="2022-06-13T10:15:02 BST" skipped="0">
  <testcase classname="testNG.Parallel" name="google" time="2.110"/>
  <system-out/>
  <testcase classname="testNG.Parallel" name="bingo" time="4.277"/>
  <system-out/>
</testsuite> <!-- testNG.Parallel -->
