<?xml version="1.0" encoding="UTF-8"?>
<!-- Generated by org.testng.reporters.JUnitReportReporter -->
<testsuite hostname="DESKTOP-8FEGH89" failures="0" tests="1" name="testNG.LaunchBrowser" time="0.478" errors="0" timestamp="2022-06-13T09:42:25 BST" skipped="0">
  <testcase classname="testNG.LaunchBrowser" name="open" time="0.478"/>
  <system-out/>
</testsuite> <!-- testNG.LaunchBrowser -->
