<?xml version="1.0" encoding="UTF-8"?>
<!-- Generated by org.testng.reporters.JUnitReportReporter -->
<testsuite hostname="DESKTOP-8FEGH89" failures="0" tests="1" name="testCases.Login_Testcases" time="5.731" errors="0" timestamp="2022-06-13T22:10:18 BST" skipped="0">
  <testcase classname="testCases.Login_Testcases" name="logintestcase" time="5.731"/>
  <system-out/>
</testsuite> <!-- testCases.Login_Testcases -->
