<?xml version="1.0" encoding="UTF-8"?>
<!-- Generated by org.testng.reporters.JUnitReportReporter -->
<testsuite hostname="DESKTOP-8FEGH89" failures="0" tests="1" name="testNG.Chrome" time="2.348" errors="0" timestamp="2022-06-06T19:54:05 BST" skipped="0">
  <testcase classname="testNG.Chrome" name="chrome" time="2.348"/>
  <system-out/>
</testsuite> <!-- testNG.Chrome -->
